<?xml version="1.0" encoding="UTF-8"?>
<!-- Generated by org.testng.reporters.JUnitXMLReporter -->
<testsuite ignored="0" hostname="DESKTOP-ML248P1" failures="0" tests="3" name="Default test" time="9.665" errors="0" timestamp="08 Jan 2023 22:43:18 GMT">
  <testcase classname="com.qa.api.gorest.tests.GetImgurApiTest" name="GetAccountBlockedStatusTest" time="1.098"/>
  <testcase classname="com.qa.api.gorest.tests.GetImgurApiTest" name="GetAccountImageTest" time="0.287"/>
  <testcase classname="com.qa.api.gorest.tests.GetImgurApiTest" name="uploadImagePostAPITest" time="3.971"/>
</testsuite> <!-- Default test -->
