<?xml version="1.0" encoding="UTF-8"?>
<testsuite xmlns:xsi="http://www.w3.org/2001/XMLSchema-instance" xsi:noNamespaceSchemaLocation="https://maven.apache.org/surefire/maven-surefire-plugin/xsd/surefire-test-report.xsd" name="TestSuite" time="19.882" tests="8" errors="0" skipped="0" failures="3">
  <properties>
[...]
</properties>
  <testcase name="createUserAPIPOSTTest" classname="com.qa.api.gorest.tests.CreateUserTest" time="0.422">
    <failure message="expected [201] but found [422]" type="java.lang.AssertionError">java.lang.AssertionError: expected [201] but found [422]
	at com.qa.api.gorest.tests.CreateUserTest.createUserAPIPOSTTest(CreateUserTest.java:39)
</failure>
    <system-out><![CDATA[I am in onStart method Rest API regression Test
Test Suite started!
I am in onTestStart method createUserAPIPOSTTest start
createUserAPIPOSTTest started!
JSON body Payload =====> {"name":"RAJTt","email":"PK@gmail.com","gender":"male","status":"active"}
Request method:	POST
Request URI:	https://gorest.co.in/public/v2/users
Proxy:			<none>
Request params:	<none>
Query params:	<none>
Form params:	<none>
Path params:	<none>
Headers:		Authorization=Bearer 7ed0d7f31bc21caed71d3b3ece46fa2dd5a94208ef6215d5eec2b913c71a85a4
				Accept=*/*
				Content-Type=application/json
Cookies:		<none>
Multiparts:		<none>
Body:
{
    "name": "RAJTt",
    "email": "PK@gmail.com",
    "gender": "male",
    "status": "active"
}
{access_token=0b52a6c6d80247b363173c7aeb0ae9d63324e3c4, expires_in=315360000, token_type=bearer, scope=null, refresh_token=f17c1ad6236ad9dba3e8488cfe1e79a2b5940175, account_id=167749989, account_username=Prajapatirajat94}
I am in onTestStart method GetAccountBlockedStatusTest start
GetAccountBlockedStatusTest started!
Auth Token ======> 0b52a6c6d80247b363173c7aeb0ae9d63324e3c4
Request method:	GET
Request URI:	https://api.imgur.com/account/v1/prajapatirajat94/block
Proxy:			<none>
Request params:	<none>
Query params:	<none>
Form params:	<none>
Path params:	<none>
Headers:		Authorization=Bearer 0b52a6c6d80247b363173c7aeb0ae9d63324e3c4
				Accept=*/*
Cookies:		<none>
Multiparts:		<none>
Body:			<none>
200
{
    "data": {
        "blocked": false
    }
}
{
    "data": {
        "blocked": false
    }
}
[
    {
        "field": "email",
        "message": "has already been taken"
    }
]
[
    {
        "field": "email",
        "message": "has already been taken"
    }
]
I am in onTestFailure method createUserAPIPOSTTest failed
createUserAPIPOSTTest failed!
]]></system-out>
    <system-err><![CDATA[SLF4J: Failed to load class "org.slf4j.impl.StaticLoggerBinder".
SLF4J: Defaulting to no-operation (NOP) logger implementation
SLF4J: See http://www.slf4j.org/codes.html#StaticLoggerBinder for further details.
log4j:WARN No appenders could be found for logger (org.apache.http.impl.conn.BasicClientConnectionManager).
log4j:WARN Please initialize the log4j system properly.
log4j:WARN No appenders could be found for logger (org.apache.http.impl.conn.BasicClientConnectionManager).
log4j:WARN Please initialize the log4j system properly.
]]></system-err>
  </testcase>
  <testcase name="createUserAPIPOSTTest" classname="com.qa.api.gorest.tests.CreateUserTest" time="1.063">
    <failure message="expected [201] but found [422]" type="java.lang.AssertionError">java.lang.AssertionError: expected [201] but found [422]
	at com.qa.api.gorest.tests.CreateUserTest.createUserAPIPOSTTest(CreateUserTest.java:39)
</failure>
    <system-out><![CDATA[I am in onTestStart method createUserAPIPOSTTest start
createUserAPIPOSTTest started!
JSON body Payload =====> {"name":"KAMALt","email":"PR@gmail.com","gender":"female","status":"active"}
Request method:	POST
Request URI:	https://gorest.co.in/public/v2/users
Proxy:			<none>
Request params:	<none>
Query params:	<none>
Form params:	<none>
Path params:	<none>
Headers:		Authorization=Bearer 7ed0d7f31bc21caed71d3b3ece46fa2dd5a94208ef6215d5eec2b913c71a85a4
				Accept=*/*
				Content-Type=application/json
Cookies:		<none>
Multiparts:		<none>
Body:
{
    "name": "KAMALt",
    "email": "PR@gmail.com",
    "gender": "female",
    "status": "active"
}
[
    {
        "field": "email",
        "message": "has already been taken"
    }
]
[
    {
        "field": "email",
        "message": "has already been taken"
    }
]
I am in onTestFailure method createUserAPIPOSTTest failed
createUserAPIPOSTTest failed!
]]></system-out>
  </testcase>
  <testcase name="createUserAPIPOSTTest" classname="com.qa.api.gorest.tests.CreateUserTest" time="0.469">
    <failure message="expected [201] but found [422]" type="java.lang.AssertionError">java.lang.AssertionError: expected [201] but found [422]
	at com.qa.api.gorest.tests.CreateUserTest.createUserAPIPOSTTest(CreateUserTest.java:39)
</failure>
    <system-out><![CDATA[{access_token=3cfaf712f494a1e10e6b81ef3e2d65f8dc57a82c, expires_in=315360000, token_type=bearer, scope=null, refresh_token=d3e5fef294fde6c1193f674a77580b3eaef93555, account_id=167749989, account_username=Prajapatirajat94}
I am in onTestStart method uploadImagePostAPITest start
uploadImagePostAPITest started!
Client id is  ======> bdfef232990deba
Request method:	POST
Request URI:	https://api.imgur.com/3/upload
Proxy:			<none>
Request params:	<none>
Query params:	<none>
Form params:	description=Test Description api
				title=Test title api
Path params:	<none>
Headers:		Authorization=Client-ID bdfef232990deba
				Accept=*/*
				Content-Type=multipart/form-data
Cookies:		<none>
Multiparts:		------------
				Content-Disposition: form-data; name = image; filename = Rajat1.jpg
				Content-Type: application/octet-stream

				C:\Users\praja\Desktop\rajat\vision rajat project\vision\Rajat1.jpg
Body:			<none>
[
    {
        "field": "email",
        "message": "has already been taken"
    }
]
[
    {
        "field": "email",
        "message": "has already been taken"
    }
]
I am in onTestFailure method createUserAPIPOSTTest failed
createUserAPIPOSTTest failed!
]]></system-out>
  </testcase>
  <testcase name="GetAccountBlockedStatusTest" classname="com.qa.api.gorest.tests.GetImgurApiTest" time="0.062"/>
  <testcase name="GetAccountImageTest" classname="com.qa.api.gorest.tests.GetImgurApiTest" time="0.235"/>
  <testcase name="uploadImagePostAPITest" classname="com.qa.api.gorest.tests.GetImgurApiTest" time="4.329"/>
  <testcase name="getAllUserListApiTest" classname="com.qa.api.gorest.tests.GetUserTest" time="1.079"/>
  <testcase name="getUserWithQueryParamApiTest" classname="com.qa.api.gorest.tests.GetUserTest" time="0.5"/>
</testsuite>