<?xml version="1.0" encoding="UTF-8"?>
<testng-results ignored="0" total="2" passed="2" failed="0" skipped="0">
  <reporter-output>
  </reporter-output>
  <suite started-at="2022-12-24T18:07:02 GMT-05:00" name="Default suite" finished-at="2022-12-24T18:07:12 GMT-05:00" duration-ms="9162">
    <groups>
    </groups>
    <test started-at="2022-12-24T18:07:02 GMT-05:00" name="Default test" finished-at="2022-12-24T18:07:12 GMT-05:00" duration-ms="9162">
      <class name="com.qa.api.gorest.tests.GetUserTest">
        <test-method signature="getAllUserListApiTest()[pri:1, instance:com.qa.api.gorest.tests.GetUserTest@1356d4d4]" started-at="2022-12-24T18:07:03 GMT-05:00" name="getAllUserListApiTest" finished-at="2022-12-24T18:07:10 GMT-05:00" duration-ms="7844" status="PASS">
          <reporter-output>
          </reporter-output>
        </test-method> <!-- getAllUserListApiTest -->
        <test-method signature="getUserWithQueryParamApiTest()[pri:2, instance:com.qa.api.gorest.tests.GetUserTest@1356d4d4]" started-at="2022-12-24T18:07:10 GMT-05:00" name="getUserWithQueryParamApiTest" finished-at="2022-12-24T18:07:12 GMT-05:00" duration-ms="1168" status="PASS">
          <reporter-output>
          </reporter-output>
        </test-method> <!-- getUserWithQueryParamApiTest -->
      </class> <!-- com.qa.api.gorest.tests.GetUserTest -->
    </test> <!-- Default test -->
  </suite> <!-- Default suite -->
</testng-results>
