<?xml version="1.0" encoding="UTF-8"?>
<testng-results ignored="0" total="1" passed="1" failed="0" skipped="0">
  <reporter-output>
  </reporter-output>
  <suite started-at="2023-01-01T17:19:57Z" name="Default suite" finished-at="2023-01-01T17:19:57Z" duration-ms="514">
    <groups>
    </groups>
    <test started-at="2023-01-01T17:19:57Z" name="Default test" finished-at="2023-01-01T17:19:57Z" duration-ms="514">
      <class name="com.qa.api.gorest.pojo.UserResult">
        <test-method signature="CreateUserWithFullJson()[pri:0, instance:com.qa.api.gorest.pojo.UserResult@7efaad5a]" started-at="2023-01-01T17:19:57Z" name="CreateUserWithFullJson" finished-at="2023-01-01T17:19:57Z" duration-ms="459" status="PASS">
          <reporter-output>
          </reporter-output>
        </test-method> <!-- CreateUserWithFullJson -->
      </class> <!-- com.qa.api.gorest.pojo.UserResult -->
    </test> <!-- Default test -->
  </suite> <!-- Default suite -->
</testng-results>
